DataStorage_Complet/DataStorage_Complet/app/build/outputs/logs/manifest-merger-debug-report.txt
-- Merging decision tree log ---
manifest
ADDED from AndroidManifest.xml:2:1
	package
		ADDED from AndroidManifest.xml:3:5
		INJECTED from AndroidManifest.xml:0:0
		INJECTED from AndroidManifest.xml:0:0
	android:versionName
		ADDED from AndroidManifest.xml:5:5
	android:versionCode
		ADDED from AndroidManifest.xml:4:5
		INJECTED from AndroidManifest.xml:0:0
		INJECTED from AndroidManifest.xml:0:0
	xmlns:android
		ADDED from AndroidManifest.xml:2:11
uses-sdk
ADDED from AndroidManifest.xml:7:5
	android:targetSdkVersion
		INJECTED from AndroidManifest.xml:0:0
		INJECTED from AndroidManifest.xml:0:0
	android:minSdkVersion
		ADDED from AndroidManifest.xml:7:15
		INJECTED from AndroidManifest.xml:0:0
		INJECTED from AndroidManifest.xml:0:0
application
ADDED from AndroidManifest.xml:9:5
	android:label
		ADDED from AndroidManifest.xml:12:9
	android:icon
		ADDED from AndroidManifest.xml:11:9
	android:name
		ADDED from AndroidManifest.xml:10:9
activity#com.odc.datastorage.ActivityLogin
ADDED from AndroidManifest.xml:13:9
	android:screenOrientation
		ADDED from AndroidManifest.xml:17:13
	android:label
		ADDED from AndroidManifest.xml:16:13
	android:configChanges
		ADDED from AndroidManifest.xml:15:13
	android:theme
		ADDED from AndroidManifest.xml:18:13
	android:name
		ADDED from AndroidManifest.xml:14:13
intent-filter#android.intent.action.MAIN+android.intent.category.LAUNCHER
ADDED from AndroidManifest.xml:19:13
action#android.intent.action.MAIN
ADDED from AndroidManifest.xml:20:17
	android:name
		ADDED from AndroidManifest.xml:20:25
category#android.intent.category.LAUNCHER
ADDED from AndroidManifest.xml:22:17
	android:name
		ADDED from AndroidManifest.xml:22:27
activity#com.odc.datastorage.ActivityAddArticle
ADDED from AndroidManifest.xml:25:9
	android:screenOrientation
		ADDED from AndroidManifest.xml:29:13
	android:label
		ADDED from AndroidManifest.xml:28:13
	android:configChanges
		ADDED from AndroidManifest.xml:27:13
	android:name
		ADDED from AndroidManifest.xml:26:13
activity#com.odc.datastorage.ActivityListArticle
ADDED from AndroidManifest.xml:31:9
	android:screenOrientation
		ADDED from AndroidManifest.xml:35:13
	android:label
		ADDED from AndroidManifest.xml:34:13
	android:configChanges
		ADDED from AndroidManifest.xml:33:13
	android:name
		ADDED from AndroidManifest.xml:32:13
meta-data#android.support.PARENT_ACTIVITY
ADDED from AndroidManifest.xml:36:13
	android:value
		ADDED from AndroidManifest.xml:38:17
	android:name
		ADDED from AndroidManifest.xml:37:17